<?xml version="1.0" encoding="UTF-8"?>
<testsuite xmlns:xsi="http://www.w3.org/2001/XMLSchema-instance" xsi:noNamespaceSchemaLocation="https://maven.apache.org/surefire/maven-surefire-plugin/xsd/surefire-test-report.xsd" name="peoples.CalculationTest" time="0.012" tests="8" errors="0" skipped="0" failures="0">
  <properties>
    <property name="sun.desktop" value="windows"/>
    <property name="awt.toolkit" value="sun.awt.windows.WToolkit"/>
    <property name="java.specification.version" value="9"/>
    <property name="file.encoding.pkg" value="sun.io"/>
    <property name="sun.cpu.isalist" value="amd64"/>
    <property name="sun.jnu.encoding" value="Cp1251"/>
    <property name="java.class.path" value="C:\Users\BEST\git\InfSysCurrent\target\test-classes;C:\Users\BEST\git\InfSysCurrent\target\classes;C:\Users\BEST\.m2\repository\org\junit\jupiter\junit-jupiter-api\5.2.0-M1\junit-jupiter-api-5.2.0-M1.jar;C:\Users\BEST\.m2\repository\org\apiguardian\apiguardian-api\1.0.0\apiguardian-api-1.0.0.jar;C:\Users\BEST\.m2\repository\org\opentest4j\opentest4j\1.0.0\opentest4j-1.0.0.jar;C:\Users\BEST\.m2\repository\org\junit\platform\junit-platform-commons\1.2.0-M1\junit-platform-commons-1.2.0-M1.jar;"/>
    <property name="java.vm.vendor" value="Oracle Corporation"/>
    <property name="sun.arch.data.model" value="64"/>
    <property name="user.variant" value=""/>
    <property name="java.vendor.url" value="http://java.oracle.com/"/>
    <property name="user.timezone" value=""/>
    <property name="java.vm.specification.version" value="9"/>
    <property name="os.name" value="Windows 10"/>
    <property name="sun.java.launcher" value="SUN_STANDARD"/>
    <property name="user.country" value="RU"/>
    <property name="sun.boot.library.path" value="C:\Program Files\Java\jdk-9.0.4\bin"/>
    <property name="sun.java.command" value="C:\Users\BEST\AppData\Local\Temp\surefire112724094136062512\surefirebooter17775456707902840664.jar C:\Users\BEST\AppData\Local\Temp\surefire112724094136062512 2018-05-20T22-26-42_307-jvmRun1 surefire4884991172379196748tmp surefire_010715792875712215308tmp"/>
    <property name="jdk.debug" value="release"/>
    <property name="surefire.test.class.path" value="C:\Users\BEST\git\InfSysCurrent\target\test-classes;C:\Users\BEST\git\InfSysCurrent\target\classes;C:\Users\BEST\.m2\repository\org\junit\jupiter\junit-jupiter-api\5.2.0-M1\junit-jupiter-api-5.2.0-M1.jar;C:\Users\BEST\.m2\repository\org\apiguardian\apiguardian-api\1.0.0\apiguardian-api-1.0.0.jar;C:\Users\BEST\.m2\repository\org\opentest4j\opentest4j\1.0.0\opentest4j-1.0.0.jar;C:\Users\BEST\.m2\repository\org\junit\platform\junit-platform-commons\1.2.0-M1\junit-platform-commons-1.2.0-M1.jar;"/>
    <property name="sun.cpu.endian" value="little"/>
    <property name="user.home" value="C:\Users\BEST"/>
    <property name="user.language" value="ru"/>
    <property name="java.specification.vendor" value="Oracle Corporation"/>
    <property name="java.home" value="C:\Program Files\Java\jdk-9.0.4"/>
    <property name="file.separator" value="\"/>
    <property name="basedir" value="C:\Users\BEST\git\InfSysCurrent"/>
    <property name="java.vm.compressedOopsMode" value="Zero based"/>
    <property name="line.separator" value="&#10;"/>
    <property name="java.vm.specification.vendor" value="Oracle Corporation"/>
    <property name="java.specification.name" value="Java Platform API Specification"/>
    <property name="java.awt.graphicsenv" value="sun.awt.Win32GraphicsEnvironment"/>
    <property name="surefire.real.class.path" value="C:\Users\BEST\AppData\Local\Temp\surefire112724094136062512\surefirebooter17775456707902840664.jar"/>
    <property name="user.script" value=""/>
    <property name="sun.management.compiler" value="HotSpot 64-Bit Tiered Compilers"/>
    <property name="java.runtime.version" value="9.0.4+11"/>
    <property name="user.name" value="BEST"/>
    <property name="path.separator" value=";"/>
    <property name="os.version" value="10.0"/>
    <property name="java.runtime.name" value="Java(TM) SE Runtime Environment"/>
    <property name="file.encoding" value="Cp1251"/>
    <property name="java.vm.name" value="Java HotSpot(TM) 64-Bit Server VM"/>
    <property name="localRepository" value="C:\Users\BEST\.m2\repository"/>
    <property name="java.vendor.url.bug" value="http://bugreport.java.com/bugreport/"/>
    <property name="java.io.tmpdir" value="C:\Users\BEST\AppData\Local\Temp\"/>
    <property name="java.version" value="9.0.4"/>
    <property name="user.dir" value="C:\Users\BEST\git\InfSysCurrent"/>
    <property name="os.arch" value="amd64"/>
    <property name="java.vm.specification.name" value="Java Virtual Machine Specification"/>
    <property name="java.awt.printerjob" value="sun.awt.windows.WPrinterJob"/>
    <property name="sun.os.patch.level" value=""/>
    <property name="java.library.path" value="C:\Program Files\Java\jdk-9.0.4\bin;C:\WINDOWS\Sun\Java\bin;C:\WINDOWS\system32;C:\WINDOWS;C:\ProgramData\Oracle\Java\javapath;C:\WINDOWS\system32;C:\WINDOWS;C:\WINDOWS\System32\Wbem;C:\WINDOWS\System32\WindowsPowerShell\v1.0\;C:\Program Files (x86)\NVIDIA Corporation\PhysX\Common;C:\Program Files\maven\bin;C:\Program Files\Git\cmd;C:\Users\BEST\AppData\Local\Microsoft\WindowsApps;C:\Users\BEST\AppData\Local\GitHubDesktop\bin;."/>
    <property name="java.vm.info" value="mixed mode"/>
    <property name="java.vendor" value="Oracle Corporation"/>
    <property name="java.vm.version" value="9.0.4+11"/>
    <property name="sun.io.unicode.encoding" value="UnicodeLittle"/>
    <property name="java.class.version" value="53.0"/>
  </properties>
  <testcase name="calc_n" classname="peoples.CalculationTest" time="0.002"/>
  <testcase name="calc_n2" classname="peoples.CalculationTest" time="0"/>
  <testcase name="calc_n3" classname="peoples.CalculationTest" time="0.001"/>
  <testcase name="calc_n4" classname="peoples.CalculationTest" time="0"/>
  <testcase name="calc_n5" classname="peoples.CalculationTest" time="0"/>
  <testcase name="calc_n6" classname="peoples.CalculationTest" time="0"/>
  <testcase name="calc_n7" classname="peoples.CalculationTest" time="0.001"/>
  <testcase name="calc_n8" classname="peoples.CalculationTest" time="0"/>
</testsuite>